The system is: Windows - 10.0.18362 - AMD64
Compiling the C compiler identification source file "CMakeCCompilerId.c" succeeded.
Compiler: F:/Program Files (x86)/Microsoft Visual Studio/2019/Community/VC/Tools/MSVC/14.23.28105/bin/Hostx64/x64/cl.exe 
Build flags: 
Id flags:  

The output was:
0
Оптимизирующий компилятор Microsoft (R) C/C++ версии 19.23.28106.4 для x64
(C) Корпорация Майкрософт (Microsoft Corporation).  Все права защищены.

CMakeCCompilerId.c
Microsoft (R) Incremental Linker Version 14.23.28106.4
Copyright (C) Microsoft Corporation.  All rights reserved.

/out:CMakeCCompilerId.exe 
CMakeCCompilerId.obj 


Compilation of the C compiler identification source "CMakeCCompilerId.c" produced "CMakeCCompilerId.exe"

Compilation of the C compiler identification source "CMakeCCompilerId.c" produced "CMakeCCompilerId.obj"

The C compiler identification is MSVC, found in "C:/Users/Tatsu/Desktop/labs/lab03/out/build/x64-Debug/_3rdParty/Hunter/toolchain/_builds/CMakeFiles/3.15.19080502-MSVC_2/CompilerIdC/CMakeCCompilerId.exe"

Compiling the CXX compiler identification source file "CMakeCXXCompilerId.cpp" succeeded.
Compiler: F:/Program Files (x86)/Microsoft Visual Studio/2019/Community/VC/Tools/MSVC/14.23.28105/bin/Hostx64/x64/cl.exe 
Build flags: 
Id flags:  

The output was:
0
Оптимизирующий компилятор Microsoft (R) C/C++ версии 19.23.28106.4 для x64
(C) Корпорация Майкрософт (Microsoft Corporation).  Все права защищены.

CMakeCXXCompilerId.cpp
Microsoft (R) Incremental Linker Version 14.23.28106.4
Copyright (C) Microsoft Corporation.  All rights reserved.

/out:CMakeCXXCompilerId.exe 
CMakeCXXCompilerId.obj 


Compilation of the CXX compiler identification source "CMakeCXXCompilerId.cpp" produced "CMakeCXXCompilerId.exe"

Compilation of the CXX compiler identification source "CMakeCXXCompilerId.cpp" produced "CMakeCXXCompilerId.obj"

The CXX compiler identification is MSVC, found in "C:/Users/Tatsu/Desktop/labs/lab03/out/build/x64-Debug/_3rdParty/Hunter/toolchain/_builds/CMakeFiles/3.15.19080502-MSVC_2/CompilerIdCXX/CMakeCXXCompilerId.exe"

Determining if the C compiler works passed with the following output:
Change Dir: C:/Users/Tatsu/Desktop/labs/lab03/out/build/x64-Debug/_3rdParty/Hunter/toolchain/_builds/CMakeFiles/CMakeTmp

Run Build Command(s):F:/Program Files (x86)/Microsoft Visual Studio/2019/Community/Common7/IDE/CommonExtensions/Microsoft/CMake/Ninja/ninja.exe cmTC_f874c && [1/2] Building C object CMakeFiles\cmTC_f874c.dir\testCCompiler.c.obj
[2/2] Linking C executable cmTC_f874c.exe



Detecting C compiler ABI info compiled with the following output:
Change Dir: C:/Users/Tatsu/Desktop/labs/lab03/out/build/x64-Debug/_3rdParty/Hunter/toolchain/_builds/CMakeFiles/CMakeTmp

Run Build Command(s):F:/Program Files (x86)/Microsoft Visual Studio/2019/Community/Common7/IDE/CommonExtensions/Microsoft/CMake/Ninja/ninja.exe cmTC_29de7 && [1/2] Building C object CMakeFiles\cmTC_29de7.dir\CMakeCCompilerABI.c.obj
Примечание: включение файла:  F:\Program Files (x86)\Microsoft Visual Studio\2019\Community\Common7\IDE\CommonExtensions\Microsoft\CMake\CMake\share\cmake-3.15\Modules\CMakeCompilerABI.h
[2/2] Linking C executable cmTC_29de7.exe



Determining if the CXX compiler works passed with the following output:
Change Dir: C:/Users/Tatsu/Desktop/labs/lab03/out/build/x64-Debug/_3rdParty/Hunter/toolchain/_builds/CMakeFiles/CMakeTmp

Run Build Command(s):F:/Program Files (x86)/Microsoft Visual Studio/2019/Community/Common7/IDE/CommonExtensions/Microsoft/CMake/Ninja/ninja.exe cmTC_c7457 && [1/2] Building CXX object CMakeFiles\cmTC_c7457.dir\testCXXCompiler.cxx.obj
[2/2] Linking CXX executable cmTC_c7457.exe



Detecting CXX compiler ABI info compiled with the following output:
Change Dir: C:/Users/Tatsu/Desktop/labs/lab03/out/build/x64-Debug/_3rdParty/Hunter/toolchain/_builds/CMakeFiles/CMakeTmp

Run Build Command(s):F:/Program Files (x86)/Microsoft Visual Studio/2019/Community/Common7/IDE/CommonExtensions/Microsoft/CMake/Ninja/ninja.exe cmTC_4dee6 && [1/2] Building CXX object CMakeFiles\cmTC_4dee6.dir\CMakeCXXCompilerABI.cpp.obj
Примечание: включение файла:  F:\Program Files (x86)\Microsoft Visual Studio\2019\Community\Common7\IDE\CommonExtensions\Microsoft\CMake\CMake\share\cmake-3.15\Modules\CMakeCompilerABI.h
[2/2] Linking CXX executable cmTC_4dee6.exe



